d:\lavoro\server\server\x64\debug\message.obj
d:\lavoro\server\server\x64\debug\server.obj
d:\lavoro\server\server\x64\debug\file.obj
d:\lavoro\server\server\x64\debug\serialize.obj
d:\lavoro\server\server\x64\debug\symbol.obj
d:\lavoro\server\server\x64\debug\qrc_server.obj
d:\lavoro\server\server\x64\debug\moc_server.obj
d:\lavoro\server\server\x64\debug\crdt.obj
d:\lavoro\server\server\x64\debug\service.obj
d:\lavoro\server\server\x64\debug\utente.obj
d:\lavoro\server\server\x64\debug\moc_serialize.obj
d:\lavoro\server\server\x64\debug\main.obj
d:\lavoro\server\server\x64\debug\taskexecutor.obj
d:\lavoro\server\server\x64\debug\vc141.pdb
d:\lavoro\server\x64\debug\server.exe
d:\lavoro\server\x64\debug\server.ilk
d:\lavoro\server\x64\debug\server.pdb
d:\lavoro\server\server\.\generatedfiles\debug\moc_server.cpp
d:\lavoro\server\server\.\generatedfiles\debug\moc_serialize.cpp
d:\lavoro\server\server\.\generatedfiles\qrc_server.cpp
d:\lavoro\server\server\generatedfiles\ui_server.h
d:\lavoro\server\server\generatedfiles\qrc_server.cpp
d:\lavoro\server\server\generatedfiles\debug\moc_server.cpp
d:\lavoro\server\server\generatedfiles\debug\moc_serialize.cpp
d:\lavoro\server\server\.\generatedfiles\ui_server.h
c:\users\marte\source\repos\pmartellone13\pds_project\server\server\x64\debug\crdt.obj
c:\users\marte\source\repos\pmartellone13\pds_project\server\server\x64\debug\file.obj
c:\users\marte\source\repos\pmartellone13\pds_project\server\server\x64\debug\main.obj
c:\users\marte\source\repos\pmartellone13\pds_project\server\server\x64\debug\message.obj
c:\users\marte\source\repos\pmartellone13\pds_project\server\server\x64\debug\moc_serialize.obj
c:\users\marte\source\repos\pmartellone13\pds_project\server\server\x64\debug\moc_server.obj
c:\users\marte\source\repos\pmartellone13\pds_project\server\server\x64\debug\qrc_server.obj
c:\users\marte\source\repos\pmartellone13\pds_project\server\server\x64\debug\serialize.obj
c:\users\marte\source\repos\pmartellone13\pds_project\server\server\x64\debug\server.obj
c:\users\marte\source\repos\pmartellone13\pds_project\server\server\x64\debug\service.obj
c:\users\marte\source\repos\pmartellone13\pds_project\server\server\x64\debug\symbol.obj
c:\users\marte\source\repos\pmartellone13\pds_project\server\server\x64\debug\taskexecutor.obj
c:\users\marte\source\repos\pmartellone13\pds_project\server\server\x64\debug\utente.obj
c:\users\marte\source\repos\pmartellone13\pds_project\server\server\x64\debug\vc141.pdb
c:\users\marte\source\repos\pmartellone13\pds_project\server\x64\debug\server.pdb
c:\users\marte\source\repos\pmartellone13\pds_project\server\x64\debug\server.exe
c:\users\marte\source\repos\pmartellone13\pds_project\server\x64\debug\server.ilk
c:\users\marte\source\repos\pmartellone13\pds_project\server\server\x64\debug\server.tlog\cl.command.1.tlog
c:\users\marte\source\repos\pmartellone13\pds_project\server\server\x64\debug\server.tlog\cl.read.1.tlog
c:\users\marte\source\repos\pmartellone13\pds_project\server\server\x64\debug\server.tlog\cl.write.1.tlog
c:\users\marte\source\repos\pmartellone13\pds_project\server\server\x64\debug\server.tlog\link.command.1.tlog
c:\users\marte\source\repos\pmartellone13\pds_project\server\server\x64\debug\server.tlog\link.read.1.tlog
c:\users\marte\source\repos\pmartellone13\pds_project\server\server\x64\debug\server.tlog\link.write.1.tlog
c:\users\marte\source\repos\pmartellone13\pds_project\server\server\x64\debug\server.tlog\moc.read.1u.tlog
c:\users\marte\source\repos\pmartellone13\pds_project\server\server\x64\debug\server.tlog\moc.write.1u.tlog
c:\users\marte\source\repos\pmartellone13\pds_project\server\server\x64\debug\server.tlog\rcc.read.1u.tlog
c:\users\marte\source\repos\pmartellone13\pds_project\server\server\x64\debug\server.tlog\rcc.write.1u.tlog
c:\users\marte\source\repos\pmartellone13\pds_project\server\server\x64\debug\server.tlog\server.write.1u.tlog
c:\users\marte\source\repos\pmartellone13\pds_project\server\server\x64\debug\server.tlog\uic.read.1u.tlog
c:\users\marte\source\repos\pmartellone13\pds_project\server\server\x64\debug\server.tlog\uic.write.1u.tlog
