  Uic'ing Server.ui...
  Rcc'ing Server.qrc...
  Moc'ing Server.h...
   RCC: Warning: No resources in 'C:\Users\simon\source\repos\PDS_Project\Server\Server\Server.qrc'.
  Moc'ing Serialize.h...
  CRDT.cpp
  File.cpp
  main.cpp
  Message.cpp
  Serialize.cpp
  Server.cpp
  Service.cpp
  Symbol.cpp
  The contents of <filesystem> are available only with C++17 or later.
  TaskExecutor.cpp
  Utente.cpp
  qrc_Server.cpp
  moc_Server.cpp
  moc_Serialize.cpp
  Server.vcxproj -> C:\Users\simon\source\repos\PDS_Project\Server\x64\Debug\Server.exe
