  Moc'ing ProgettoGUI.h...
  Moc'ing Controller.h...
  Moc'ing RegisterWindow.h...
  Moc'ing Serialize.h...
  Moc'ing textedit.h...
  Moc'ing MyFirstWindow.h...
  Moc'ing mainwindow.h...
  Moc'ing FileExplorerWindow.h...
  Controller.cpp
  CRDT.cpp
  FileExplorerWindow.cpp
  main.cpp
  mainwindow.cpp
  Message.cpp
  MyFirstWindow.cpp
  RegisterWindow.cpp
  Serialize.cpp
  Symbol.cpp
  textedit.cpp
  uri.cpp
C:\Users\simon\source\repos\PDS_Project\Client\ProgettoGUI\uri.cpp(6,6): error C2065: '_DEBUG': identificatore non dichiarato
