d:\lavoro\pds_project\client\progettogui\x64\debug\mainwindow.obj
d:\lavoro\pds_project\client\progettogui\x64\debug\crdt.obj
d:\lavoro\pds_project\client\progettogui\x64\debug\myfirstwindow.obj
d:\lavoro\pds_project\client\progettogui\x64\debug\uri.obj
d:\lavoro\pds_project\client\progettogui\x64\debug\controller.obj
d:\lavoro\pds_project\client\progettogui\x64\debug\serialize.obj
d:\lavoro\pds_project\client\progettogui\x64\debug\symbol.obj
d:\lavoro\pds_project\client\progettogui\x64\debug\main.obj
d:\lavoro\pds_project\client\progettogui\x64\debug\message.obj
d:\lavoro\pds_project\client\progettogui\x64\debug\registerwindow.obj
d:\lavoro\pds_project\client\progettogui\x64\debug\textedit.obj
d:\lavoro\pds_project\client\progettogui\.\generatedfiles\debug\moc_progettogui.cpp
d:\lavoro\pds_project\client\progettogui\.\generatedfiles\debug\moc_settings.cpp
d:\lavoro\pds_project\client\progettogui\.\generatedfiles\debug\moc_controller.cpp
d:\lavoro\pds_project\client\progettogui\.\generatedfiles\debug\moc_registerwindow.cpp
d:\lavoro\pds_project\client\progettogui\.\generatedfiles\debug\moc_serialize.cpp
d:\lavoro\pds_project\client\progettogui\.\generatedfiles\debug\moc_textedit.cpp
d:\lavoro\pds_project\client\progettogui\.\generatedfiles\debug\moc_myfirstwindow.cpp
d:\lavoro\pds_project\client\progettogui\.\generatedfiles\debug\moc_mainwindow.cpp
d:\lavoro\pds_project\client\progettogui\.\generatedfiles\debug\moc_fileexplorerwindow.cpp
d:\lavoro\pds_project\client\progettogui\generatedfiles\ui_fileexplorerwindow.h
d:\lavoro\pds_project\client\progettogui\generatedfiles\ui_myfirstwindow.h
d:\lavoro\pds_project\client\progettogui\generatedfiles\ui_progettogui.h
d:\lavoro\pds_project\client\progettogui\generatedfiles\ui_registerwindow.h
d:\lavoro\pds_project\client\progettogui\generatedfiles\ui_settings.h
d:\lavoro\pds_project\client\progettogui\generatedfiles\ui_textedit.h
d:\lavoro\pds_project\client\progettogui\generatedfiles\ui_widget.h
d:\lavoro\pds_project\client\progettogui\generatedfiles\qrc_progettogui.cpp
d:\lavoro\pds_project\client\progettogui\generatedfiles\debug\moc_progettogui.cpp
d:\lavoro\pds_project\client\progettogui\generatedfiles\debug\moc_settings.cpp
d:\lavoro\pds_project\client\progettogui\generatedfiles\debug\moc_controller.cpp
d:\lavoro\pds_project\client\progettogui\generatedfiles\debug\moc_registerwindow.cpp
d:\lavoro\pds_project\client\progettogui\generatedfiles\debug\moc_serialize.cpp
d:\lavoro\pds_project\client\progettogui\generatedfiles\debug\moc_textedit.cpp
d:\lavoro\pds_project\client\progettogui\generatedfiles\debug\moc_myfirstwindow.cpp
d:\lavoro\pds_project\client\progettogui\generatedfiles\debug\moc_mainwindow.cpp
d:\lavoro\pds_project\client\progettogui\generatedfiles\debug\moc_fileexplorerwindow.cpp
d:\lavoro\pds_project\client\progettogui\.\generatedfiles\qrc_progettogui.cpp
d:\lavoro\pds_project\client\progettogui\.\generatedfiles\ui_fileexplorerwindow.h
d:\lavoro\pds_project\client\progettogui\.\generatedfiles\ui_myfirstwindow.h
d:\lavoro\pds_project\client\progettogui\.\generatedfiles\ui_progettogui.h
d:\lavoro\pds_project\client\progettogui\.\generatedfiles\ui_registerwindow.h
d:\lavoro\pds_project\client\progettogui\.\generatedfiles\ui_settings.h
d:\lavoro\pds_project\client\progettogui\.\generatedfiles\ui_textedit.h
d:\lavoro\pds_project\client\progettogui\.\generatedfiles\ui_widget.h
d:\lavoro\pds_project\client\progettogui\x64\debug\vc142.pdb
d:\lavoro\pds_project\client\progettogui\x64\debug\progettogui.tlog\cl.10876.write.1.tlog
d:\lavoro\pds_project\client\progettogui\x64\debug\progettogui.tlog\cl.command.1.tlog
d:\lavoro\pds_project\client\progettogui\x64\debug\progettogui.tlog\cl.read.1.tlog
d:\lavoro\pds_project\client\progettogui\x64\debug\progettogui.tlog\moc.read.1u.tlog
d:\lavoro\pds_project\client\progettogui\x64\debug\progettogui.tlog\moc.write.1u.tlog
d:\lavoro\pds_project\client\progettogui\x64\debug\progettogui.tlog\progettogui.write.1u.tlog
d:\lavoro\pds_project\client\progettogui\x64\debug\progettogui.tlog\rcc.read.1u.tlog
d:\lavoro\pds_project\client\progettogui\x64\debug\progettogui.tlog\rcc.write.1u.tlog
d:\lavoro\pds_project\client\progettogui\x64\debug\progettogui.tlog\uic.read.1u.tlog
d:\lavoro\pds_project\client\progettogui\x64\debug\progettogui.tlog\uic.write.1u.tlog
