  Moc'ing textedit.h...
  Controller.cpp
  CRDT.cpp
  FileExplorerWindow.cpp
  main.cpp
  mainwindow.cpp
  Message.cpp
  MyFirstWindow.cpp
  RegisterWindow.cpp
  Serialize.cpp
  Settings.cpp
  Symbol.cpp
  textedit.cpp
  uri.cpp
  qrc_ProgettoGUI.cpp
  moc_ProgettoGUI.cpp
  moc_Settings.cpp
  moc_Controller.cpp
  moc_RegisterWindow.cpp
  moc_Serialize.cpp
  moc_MyFirstWindow.cpp
  moc_mainwindow.cpp
  moc_FileExplorerWindow.cpp
  moc_textedit.cpp
  LINK : C:\Users\simon\Source\Repos\PDS_Project\Client\x64\Debug\\ProgettoGUI.exe non trovato o non compilato dall'ultimo collegamento incrementale; verrà eseguito il collegamento completo
  ProgettoGUI.vcxproj -> C:\Users\simon\Source\Repos\PDS_Project\Client\x64\Debug\ProgettoGUI.exe
