d:\lavoro\server\server\server\x64\release\message.obj
d:\lavoro\server\server\server\x64\release\server.obj
d:\lavoro\server\server\server\x64\release\serialize.obj
d:\lavoro\server\server\server\x64\release\symbol.obj
d:\lavoro\server\server\server\x64\release\utente.obj
d:\lavoro\server\server\server\x64\release\moc_serialize.obj
d:\lavoro\server\server\server\x64\release\file.obj
d:\lavoro\server\server\server\x64\release\service.obj
d:\lavoro\server\server\server\x64\release\qrc_server.obj
d:\lavoro\server\server\server\x64\release\moc_server.obj
d:\lavoro\server\server\server\x64\release\main.obj
d:\lavoro\server\server\server\x64\release\taskexecutor.obj
c:\users\simon\source\repos\pds_project\server\server\x64\release\symbol.obj
c:\users\simon\source\repos\pds_project\server\server\x64\release\taskexecutor.obj
c:\users\simon\source\repos\pds_project\server\server\x64\release\server.obj
c:\users\simon\source\repos\pds_project\server\server\x64\release\message.obj
c:\users\simon\source\repos\pds_project\server\server\x64\release\utente.obj
c:\users\simon\source\repos\pds_project\server\server\x64\release\serialize.obj
c:\users\simon\source\repos\pds_project\server\server\x64\release\crdt.obj
c:\users\simon\source\repos\pds_project\server\server\x64\release\main.obj
c:\users\simon\source\repos\pds_project\server\server\x64\release\file.obj
d:\lavoro\server\server\x64\release\server.exe
c:\users\simon\source\repos\pds_project\server\server\.\generatedfiles\release\moc_server.cpp
c:\users\simon\source\repos\pds_project\server\server\.\generatedfiles\release\moc_serialize.cpp
c:\users\simon\source\repos\pds_project\server\server\.\generatedfiles\qrc_server.cpp
d:\lavoro\server\server\server\generatedfiles\ui_server.h
d:\lavoro\server\server\server\generatedfiles\qrc_server.cpp
d:\lavoro\server\server\server\generatedfiles\release\moc_server.cpp
d:\lavoro\server\server\server\generatedfiles\release\moc_serialize.cpp
c:\users\simon\source\repos\pds_project\server\server\generatedfiles\ui_server.h
c:\users\simon\source\repos\pds_project\server\server\generatedfiles\qrc_server.cpp
c:\users\simon\source\repos\pds_project\server\server\generatedfiles\release\moc_server.cpp
c:\users\simon\source\repos\pds_project\server\server\generatedfiles\release\moc_serialize.cpp
c:\users\simon\source\repos\pds_project\server\server\.\generatedfiles\ui_server.h
c:\users\simon\source\repos\pds_project\server\server\x64\release\moc_serialize.obj
c:\users\simon\source\repos\pds_project\server\server\x64\release\moc_server.obj
c:\users\simon\source\repos\pds_project\server\server\x64\release\qrc_server.obj
c:\users\simon\source\repos\pds_project\server\server\x64\release\service.obj
c:\users\simon\source\repos\pds_project\server\x64\release\server.exe
c:\users\simon\source\repos\pds_project\server\server\x64\release\server.tlog\cl.command.1.tlog
c:\users\simon\source\repos\pds_project\server\server\x64\release\server.tlog\cl.read.1.tlog
c:\users\simon\source\repos\pds_project\server\server\x64\release\server.tlog\cl.write.1.tlog
c:\users\simon\source\repos\pds_project\server\server\x64\release\server.tlog\link.command.1.tlog
c:\users\simon\source\repos\pds_project\server\server\x64\release\server.tlog\link.read.1.tlog
c:\users\simon\source\repos\pds_project\server\server\x64\release\server.tlog\link.write.1.tlog
c:\users\simon\source\repos\pds_project\server\server\x64\release\server.tlog\moc.read.1u.tlog
c:\users\simon\source\repos\pds_project\server\server\x64\release\server.tlog\moc.write.1u.tlog
c:\users\simon\source\repos\pds_project\server\server\x64\release\server.tlog\rcc.read.1u.tlog
c:\users\simon\source\repos\pds_project\server\server\x64\release\server.tlog\rcc.write.1u.tlog
c:\users\simon\source\repos\pds_project\server\server\x64\release\server.tlog\server.write.1u.tlog
c:\users\simon\source\repos\pds_project\server\server\x64\release\server.tlog\uic.read.1u.tlog
c:\users\simon\source\repos\pds_project\server\server\x64\release\server.tlog\uic.write.1u.tlog
